A:A0,B1,C2
C:A2,B1,C0,D1,E2
B:A1,B0,C1,D2,E3
E:C2,D1,E0,F1,G2
D:A3,B2,C1,D0,E1,F2,G3
G:E2,F1,G0,H1,I2
F:C3,D2,E1,F0,G1,H2,I3
I:G2,H1,I0,J1,K2,L2
H:E3,F2,G1,H0,I1,J2,K3,L3
K:I2,J1,K0,L2
J:G3,H2,I1,J0,K1,L1,M2
M:J2,L1,M0,N1,O2
L:G4,H3,I2,J1,K2,L0,M1,N2,O3
O:M2,N1,O0,P1,Q2
N:J3,L2,M1,N0,O1,P2,Q3
Q:O2,P1,Q0,R1,S2,T2
P:M3,N2,O1,P0,Q1,R2,S3,T3
S:Q2,R1,S0,T2
R:O3,P2,Q1,R0,S1,T1
T:O4,P3,Q2,R1,S2,T0
-----
A:A0,B1,C2,D3,E4
C:A2,B1,C0,D1,E2,F3,G4
B:A1,B0,C1,D2,E3,F4,G5
E:A4,B3,C2,D1,E0,F1,G2,H3,I4
D:A3,B2,C1,D0,E1,F2,G3,H4,I5
G:C4,D3,E2,F1,G0,H1,I2,J3,K4,L4
F:A5,B4,C3,D2,E1,F0,G1,H2,I3,J4,K5,L5
I:E4,F3,G2,H1,I0,J1,K2,L2,M3
H:C5,D4,E3,F2,G1,H0,I1,J2,K3,L3,M4
K:G4,H3,I2,J1,K0,L2,M3
J:E5,F4,G3,H2,I1,J0,K1,L1,M2,N3,O4
M:G5,H4,I3,J2,K3,L1,M0,N1,O2,P3,Q4
L:E6,F5,G4,H3,I2,J1,K2,L0,M1,N2,O3,P4,Q5
O:J4,L3,M2,N1,O0,P1,Q2,R3,S4,T4
N:G6,H5,I4,J3,K4,L2,M1,N0,O1,P2,Q3,R4,S5,T5
Q:M4,N3,O2,P1,Q0,R1,S2,T2
P:J5,L4,M3,N2,O1,P0,Q1,R2,S3,T3
S:O4,P3,Q2,R1,S0,T2
R:M5,N4,O3,P2,Q1,R0,S1,T1
T:M6,N5,O4,P3,Q2,R1,S2,T0
-----
A:A0,B1,C2,D3,E4,F5,G6
C:A2,B1,C0,D1,E2,F3,G4,H5,I6
B:A1,B0,C1,D2,E3,F4,G5,H6,I7
E:A4,B3,C2,D1,E0,F1,G2,H3,I4,J5,K6,L6
D:A3,B2,C1,D0,E1,F2,G3,H4,I5,J6,K7,L7
G:A6,B5,C4,D3,E2,F1,G0,H1,I2,J3,K4,L4,M5
F:A5,B4,C3,D2,E1,F0,G1,H2,I3,J4,K5,L5,M6
I:C6,D5,E4,F3,G2,H1,I0,J1,K2,L2,M3,N4,O5
H:A7,B6,C5,D4,E3,F2,G1,H0,I1,J2,K3,L3,M4,N5,O6
K:E6,F5,G4,H3,I2,J1,K0,L2,M3,N4,O5
J:C7,D6,E5,F4,G3,H2,I1,J0,K1,L1,M2,N3,O4,P5,Q6
M:E7,F6,G5,H4,I3,J2,K3,L1,M0,N1,O2,P3,Q4,R5,S6,T6
L:C8,D7,E6,F5,G4,H3,I2,J1,K2,L0,M1,N2,O3,P4,Q5,R6,S7,T7
O:G7,H6,I5,J4,K5,L3,M2,N1,O0,P1,Q2,R3,S4,T4
N:E8,F7,G6,H5,I4,J3,K4,L2,M1,N0,O1,P2,Q3,R4,S5,T5
Q:J6,L5,M4,N3,O2,P1,Q0,R1,S2,T2
P:G8,H7,I6,J5,K6,L4,M3,N2,O1,P0,Q1,R2,S3,T3
S:M6,N5,O4,P3,Q2,R1,S0,T2
R:J7,L6,M5,N4,O3,P2,Q1,R0,S1,T1
T:J8,L7,M6,N5,O4,P3,Q2,R1,S2,T0
-----
A:A0,B1,C2,D3,E4,F5,G6,H7,I8
C:A2,B1,C0,D1,E2,F3,G4,H5,I6,J7,K8,L8
B:A1,B0,C1,D2,E3,F4,G5,H6,I7,J8,K9,L9
E:A4,B3,C2,D1,E0,F1,G2,H3,I4,J5,K6,L6,M7
D:A3,B2,C1,D0,E1,F2,G3,H4,I5,J6,K7,L7,M8
G:A6,B5,C4,D3,E2,F1,G0,H1,I2,J3,K4,L4,M5,N6,O7
F:A5,B4,C3,D2,E1,F0,G1,H2,I3,J4,K5,L5,M6,N7,O8
I:A8,B7,C6,D5,E4,F3,G2,H1,I0,J1,K2,L2,M3,N4,O5,P6,Q7
H:A7,B6,C5,D4,E3,F2,G1,H0,I1,J2,K3,L3,M4,N5,O6,P7,Q8
K:C8,D7,E6,F5,G4,H3,I2,J1,K0,L2,M3,N4,O5,P6,Q7
J:A9,B8,C7,D6,E5,F4,G3,H2,I1,J0,K1,L1,M2,N3,O4,P5,Q6,R7,S8,T8
M:C9,D8,E7,F6,G5,H4,I3,J2,K3,L1,M0,N1,O2,P3,Q4,R5,S6,T6
L:A10,B9,C8,D7,E6,F5,G4,H3,I2,J1,K2,L0,M1,N2,O3,P4,Q5,R6,S7,T7
O:E9,F8,G7,H6,I5,J4,K5,L3,M2,N1,O0,P1,Q2,R3,S4,T4
N:C10,D9,E8,F7,G6,H5,I4,J3,K4,L2,M1,N0,O1,P2,Q3,R4,S5,T5
Q:G9,H8,I7,J6,K7,L5,M4,N3,O2,P1,Q0,R1,S2,T2
P:E10,F9,G8,H7,I6,J5,K6,L4,M3,N2,O1,P0,Q1,R2,S3,T3
S:J8,L7,M6,N5,O4,P3,Q2,R1,S0,T2
R:G10,H9,I8,J7,K8,L6,M5,N4,O3,P2,Q1,R0,S1,T1
T:G11,H10,I9,J8,K9,L7,M6,N5,O4,P3,Q2,R1,S2,T0
-----
A:A0,B1,C2,D3,E4,F5,G6,H7,I8,J9,K10,L10
C:A2,B1,C0,D1,E2,F3,G4,H5,I6,J7,K8,L8,M9
B:A1,B0,C1,D2,E3,F4,G5,H6,I7,J8,K9,L9,M10
E:A4,B3,C2,D1,E0,F1,G2,H3,I4,J5,K6,L6,M7,N8,O9
D:A3,B2,C1,D0,E1,F2,G3,H4,I5,J6,K7,L7,M8,N9,O10
G:A6,B5,C4,D3,E2,F1,G0,H1,I2,J3,K4,L4,M5,N6,O7,P8,Q9
F:A5,B4,C3,D2,E1,F0,G1,H2,I3,J4,K5,L5,M6,N7,O8,P9,Q10
I:A8,B7,C6,D5,E4,F3,G2,H1,I0,J1,K2,L2,M3,N4,O5,P6,Q7,R8,S9,T9
H:A7,B6,C5,D4,E3,F2,G1,H0,I1,J2,K3,L3,M4,N5,O6,P7,Q8,R9,S10,T10
K:A10,B9,C8,D7,E6,F5,G4,H3,I2,J1,K0,L2,M3,N4,O5,P6,Q7,R8,S9,T9
J:A9,B8,C7,D6,E5,F4,G3,H2,I1,J0,K1,L1,M2,N3,O4,P5,Q6,R7,S8,T8
M:A11,B10,C9,D8,E7,F6,G5,H4,I3,J2,K3,L1,M0,N1,O2,P3,Q4,R5,S6,T6
L:A10,B9,C8,D7,E6,F5,G4,H3,I2,J1,K2,L0,M1,N2,O3,P4,Q5,R6,S7,T7
O:C11,D10,E9,F8,G7,H6,I5,J4,K5,L3,M2,N1,O0,P1,Q2,R3,S4,T4
N:A12,B11,C10,D9,E8,F7,G6,H5,I4,J3,K4,L2,M1,N0,O1,P2,Q3,R4,S5,T5
Q:E11,F10,G9,H8,I7,J6,K7,L5,M4,N3,O2,P1,Q0,R1,S2,T2
P:C12,D11,E10,F9,G8,H7,I6,J5,K6,L4,M3,N2,O1,P0,Q1,R2,S3,T3
S:G11,H10,I9,J8,K9,L7,M6,N5,O4,P3,Q2,R1,S0,T2
R:E12,F11,G10,H9,I8,J7,K8,L6,M5,N4,O3,P2,Q1,R0,S1,T1
T:E13,F12,G11,H10,I9,J8,K9,L7,M6,N5,O4,P3,Q2,R1,S2,T0
-----
A:A0,B1,C2,D3,E4,F5,G6,H7,I8,J9,K10,L10,M11
C:A2,B1,C0,D1,E2,F3,G4,H5,I6,J7,K8,L8,M9,N10,O11
B:A1,B0,C1,D2,E3,F4,G5,H6,I7,J8,K9,L9,M10,N11,O12
E:A4,B3,C2,D1,E0,F1,G2,H3,I4,J5,K6,L6,M7,N8,O9,P10,Q11
D:A3,B2,C1,D0,E1,F2,G3,H4,I5,J6,K7,L7,M8,N9,O10,P11,Q12
G:A6,B5,C4,D3,E2,F1,G0,H1,I2,J3,K4,L4,M5,N6,O7,P8,Q9,R10,S11,T11
F:A5,B4,C3,D2,E1,F0,G1,H2,I3,J4,K5,L5,M6,N7,O8,P9,Q10,R11,S12,T12
I:A8,B7,C6,D5,E4,F3,G2,H1,I0,J1,K2,L2,M3,N4,O5,P6,Q7,R8,S9,T9
H:A7,B6,C5,D4,E3,F2,G1,H0,I1,J2,K3,L3,M4,N5,O6,P7,Q8,R9,S10,T10
K:A10,B9,C8,D7,E6,F5,G4,H3,I2,J1,K0,L2,M3,N4,O5,P6,Q7,R8,S9,T9
J:A9,B8,C7,D6,E5,F4,G3,H2,I1,J0,K1,L1,M2,N3,O4,P5,Q6,R7,S8,T8
M:A11,B10,C9,D8,E7,F6,G5,H4,I3,J2,K3,L1,M0,N1,O2,P3,Q4,R5,S6,T6
L:A10,B9,C8,D7,E6,F5,G4,H3,I2,J1,K2,L0,M1,N2,O3,P4,Q5,R6,S7,T7
O:A13,B12,C11,D10,E9,F8,G7,H6,I5,J4,K5,L3,M2,N1,O0,P1,Q2,R3,S4,T4
N:A12,B11,C10,D9,E8,F7,G6,H5,I4,J3,K4,L2,M1,N0,O1,P2,Q3,R4,S5,T5
Q:C13,D12,E11,F10,G9,H8,I7,J6,K7,L5,M4,N3,O2,P1,Q0,R1,S2,T2
P:A14,B13,C12,D11,E10,F9,G8,H7,I6,J5,K6,L4,M3,N2,O1,P0,Q1,R2,S3,T3
S:E13,F12,G11,H10,I9,J8,K9,L7,M6,N5,O4,P3,Q2,R1,S0,T2
R:C14,D13,E12,F11,G10,H9,I8,J7,K8,L6,M5,N4,O3,P2,Q1,R0,S1,T1
T:C15,D14,E13,F12,G11,H10,I9,J8,K9,L7,M6,N5,O4,P3,Q2,R1,S2,T0
-----
A:A0,B1,C2,D3,E4,F5,G6,H7,I8,J9,K10,L10,M11,N12,O13
C:A2,B1,C0,D1,E2,F3,G4,H5,I6,J7,K8,L8,M9,N10,O11,P12,Q13
B:A1,B0,C1,D2,E3,F4,G5,H6,I7,J8,K9,L9,M10,N11,O12,P13,Q14
E:A4,B3,C2,D1,E0,F1,G2,H3,I4,J5,K6,L6,M7,N8,O9,P10,Q11,R12,S13,T13
D:A3,B2,C1,D0,E1,F2,G3,H4,I5,J6,K7,L7,M8,N9,O10,P11,Q12,R13,S14,T14
G:A6,B5,C4,D3,E2,F1,G0,H1,I2,J3,K4,L4,M5,N6,O7,P8,Q9,R10,S11,T11
F:A5,B4,C3,D2,E1,F0,G1,H2,I3,J4,K5,L5,M6,N7,O8,P9,Q10,R11,S12,T12
I:A8,B7,C6,D5,E4,F3,G2,H1,I0,J1,K2,L2,M3,N4,O5,P6,Q7,R8,S9,T9
H:A7,B6,C5,D4,E3,F2,G1,H0,I1,J2,K3,L3,M4,N5,O6,P7,Q8,R9,S10,T10
K:A10,B9,C8,D7,E6,F5,G4,H3,I2,J1,K0,L2,M3,N4,O5,P6,Q7,R8,S9,T9
J:A9,B8,C7,D6,E5,F4,G3,H2,I1,J0,K1,L1,M2,N3,O4,P5,Q6,R7,S8,T8
M:A11,B10,C9,D8,E7,F6,G5,H4,I3,J2,K3,L1,M0,N1,O2,P3,Q4,R5,S6,T6
L:A10,B9,C8,D7,E6,F5,G4,H3,I2,J1,K2,L0,M1,N2,O3,P4,Q5,R6,S7,T7
O:A13,B12,C11,D10,E9,F8,G7,H6,I5,J4,K5,L3,M2,N1,O0,P1,Q2,R3,S4,T4
N:A12,B11,C10,D9,E8,F7,G6,H5,I4,J3,K4,L2,M1,N0,O1,P2,Q3,R4,S5,T5
Q:A15,B14,C13,D12,E11,F10,G9,H8,I7,J6,K7,L5,M4,N3,O2,P1,Q0,R1,S2,T2
P:A14,B13,C12,D11,E10,F9,G8,H7,I6,J5,K6,L4,M3,N2,O1,P0,Q1,R2,S3,T3
S:C15,D14,E13,F12,G11,H10,I9,J8,K9,L7,M6,N5,O4,P3,Q2,R1,S0,T2
R:A16,B15,C14,D13,E12,F11,G10,H9,I8,J7,K8,L6,M5,N4,O3,P2,Q1,R0,S1,T1
T:A17,B16,C15,D14,E13,F12,G11,H10,I9,J8,K9,L7,M6,N5,O4,P3,Q2,R1,S2,T0
-----
A:A0,B1,C2,D3,E4,F5,G6,H7,I8,J9,K10,L10,M11,N12,O13,P14,Q15
C:A2,B1,C0,D1,E2,F3,G4,H5,I6,J7,K8,L8,M9,N10,O11,P12,Q13,R14,S15,T15
B:A1,B0,C1,D2,E3,F4,G5,H6,I7,J8,K9,L9,M10,N11,O12,P13,Q14,R15,S16,T16
E:A4,B3,C2,D1,E0,F1,G2,H3,I4,J5,K6,L6,M7,N8,O9,P10,Q11,R12,S13,T13
D:A3,B2,C1,D0,E1,F2,G3,H4,I5,J6,K7,L7,M8,N9,O10,P11,Q12,R13,S14,T14
G:A6,B5,C4,D3,E2,F1,G0,H1,I2,J3,K4,L4,M5,N6,O7,P8,Q9,R10,S11,T11
F:A5,B4,C3,D2,E1,F0,G1,H2,I3,J4,K5,L5,M6,N7,O8,P9,Q10,R11,S12,T12
I:A8,B7,C6,D5,E4,F3,G2,H1,I0,J1,K2,L2,M3,N4,O5,P6,Q7,R8,S9,T9
H:A7,B6,C5,D4,E3,F2,G1,H0,I1,J2,K3,L3,M4,N5,O6,P7,Q8,R9,S10,T10
K:A10,B9,C8,D7,E6,F5,G4,H3,I2,J1,K0,L2,M3,N4,O5,P6,Q7,R8,S9,T9
J:A9,B8,C7,D6,E5,F4,G3,H2,I1,J0,K1,L1,M2,N3,O4,P5,Q6,R7,S8,T8
M:A11,B10,C9,D8,E7,F6,G5,H4,I3,J2,K3,L1,M0,N1,O2,P3,Q4,R5,S6,T6
L:A10,B9,C8,D7,E6,F5,G4,H3,I2,J1,K2,L0,M1,N2,O3,P4,Q5,R6,S7,T7
O:A13,B12,C11,D10,E9,F8,G7,H6,I5,J4,K5,L3,M2,N1,O0,P1,Q2,R3,S4,T4
N:A12,B11,C10,D9,E8,F7,G6,H5,I4,J3,K4,L2,M1,N0,O1,P2,Q3,R4,S5,T5
Q:A15,B14,C13,D12,E11,F10,G9,H8,I7,J6,K7,L5,M4,N3,O2,P1,Q0,R1,S2,T2
P:A14,B13,C12,D11,E10,F9,G8,H7,I6,J5,K6,L4,M3,N2,O1,P0,Q1,R2,S3,T3
S:A17,B16,C15,D14,E13,F12,G11,H10,I9,J8,K9,L7,M6,N5,O4,P3,Q2,R1,S0,T2
R:A16,B15,C14,D13,E12,F11,G10,H9,I8,J7,K8,L6,M5,N4,O3,P2,Q1,R0,S1,T1
T:A17,B16,C15,D14,E13,F12,G11,H10,I9,J8,K9,L7,M6,N5,O4,P3,Q2,R1,S2,T0
-----
A:A0,B1,C2,D3,E4,F5,G6,H7,I8,J9,K10,L10,M11,N12,O13,P14,Q15,R16,S17,T17
C:A2,B1,C0,D1,E2,F3,G4,H5,I6,J7,K8,L8,M9,N10,O11,P12,Q13,R14,S15,T15
B:A1,B0,C1,D2,E3,F4,G5,H6,I7,J8,K9,L9,M10,N11,O12,P13,Q14,R15,S16,T16
E:A4,B3,C2,D1,E0,F1,G2,H3,I4,J5,K6,L6,M7,N8,O9,P10,Q11,R12,S13,T13
D:A3,B2,C1,D0,E1,F2,G3,H4,I5,J6,K7,L7,M8,N9,O10,P11,Q12,R13,S14,T14
G:A6,B5,C4,D3,E2,F1,G0,H1,I2,J3,K4,L4,M5,N6,O7,P8,Q9,R10,S11,T11
F:A5,B4,C3,D2,E1,F0,G1,H2,I3,J4,K5,L5,M6,N7,O8,P9,Q10,R11,S12,T12
I:A8,B7,C6,D5,E4,F3,G2,H1,I0,J1,K2,L2,M3,N4,O5,P6,Q7,R8,S9,T9
H:A7,B6,C5,D4,E3,F2,G1,H0,I1,J2,K3,L3,M4,N5,O6,P7,Q8,R9,S10,T10
K:A10,B9,C8,D7,E6,F5,G4,H3,I2,J1,K0,L2,M3,N4,O5,P6,Q7,R8,S9,T9
J:A9,B8,C7,D6,E5,F4,G3,H2,I1,J0,K1,L1,M2,N3,O4,P5,Q6,R7,S8,T8
M:A11,B10,C9,D8,E7,F6,G5,H4,I3,J2,K3,L1,M0,N1,O2,P3,Q4,R5,S6,T6
L:A10,B9,C8,D7,E6,F5,G4,H3,I2,J1,K2,L0,M1,N2,O3,P4,Q5,R6,S7,T7
O:A13,B12,C11,D10,E9,F8,G7,H6,I5,J4,K5,L3,M2,N1,O0,P1,Q2,R3,S4,T4
N:A12,B11,C10,D9,E8,F7,G6,H5,I4,J3,K4,L2,M1,N0,O1,P2,Q3,R4,S5,T5
Q:A15,B14,C13,D12,E11,F10,G9,H8,I7,J6,K7,L5,M4,N3,O2,P1,Q0,R1,S2,T2
P:A14,B13,C12,D11,E10,F9,G8,H7,I6,J5,K6,L4,M3,N2,O1,P0,Q1,R2,S3,T3
S:A17,B16,C15,D14,E13,F12,G11,H10,I9,J8,K9,L7,M6,N5,O4,P3,Q2,R1,S0,T2
R:A16,B15,C14,D13,E12,F11,G10,H9,I8,J7,K8,L6,M5,N4,O3,P2,Q1,R0,S1,T1
T:A17,B16,C15,D14,E13,F12,G11,H10,I9,J8,K9,L7,M6,N5,O4,P3,Q2,R1,S2,T0
-----
